<?xml version="1.0" encoding="UTF-8"?>
<testsuite xmlns:xsi="http://www.w3.org/2001/XMLSchema-instance" xsi:noNamespaceSchemaLocation="https://maven.apache.org/surefire/maven-surefire-plugin/xsd/surefire-test-report-3.0.xsd" version="3.0" name="testrunners.TestRunner" time="0.494" tests="3" errors="0" skipped="0" failures="0">
  <properties>
[...]
</properties>
  <testcase name="I have a search field on Amazon Page" classname="Search a Product" time="0.006">
    <system-out><![CDATA[
Scenario: Search a Product                                                 &amp#27;[90m# src/test/java/AppFeatures/Search.feature:47&amp#27;[0m
Step-1: I am on search page
]]></system-out>
  </testcase>
  <testcase name="I search for a product with name &quot;Apple MacBook Pro&quot; and price 1000" classname="Search a Product" time="0.004">
    <system-out><![CDATA[  &amp#27;[32mGiven &amp#27;[0m&amp#27;[32mI have a search field on Amazon Page&amp#27;[0m                               &amp#27;[90m# stepDefinitions.SearchSteps.i_have_a_search_field_on_amazon_page()&amp#27;[0m
Step-2: Search the product with name:Apple MacBook Pro price: 1000
]]></system-out>
  </testcase>
  <testcase name="Product with name &quot;Apple MacBook Pro&quot; should be displayed" classname="Search a Product" time="0.008">
    <system-out><![CDATA[  &amp#27;[32mWhen &amp#27;[0m&amp#27;[32mI search for a product with name &amp#27;[0m&amp#27;[32m&amp#27;[1m"Apple MacBook Pro"&amp#27;[0m&amp#27;[32m and price &amp#27;[0m&amp#27;[32m&amp#27;[1m1000&amp#27;[0m &amp#27;[90m# stepDefinitions.SearchSteps.i_search_for_a_product_with_name_and_price(java.lang.String,java.lang.Integer)&amp#27;[0m
Step-3: product Apple MacBook Pro is displayed
searched product is :Apple MacBook Pro
]]></system-out>
  </testcase>
</testsuite>